Determining if the pthread_create exist failed with the following output:
Change Dir: /home/dewang/smartKT/Running_complex_cmake/projects/threads/build/CMakeFiles/CMakeTmp

Run Build Command:"/usr/bin/make" "cmTC_51279/fast"
/usr/bin/make -f CMakeFiles/cmTC_51279.dir/build.make CMakeFiles/cmTC_51279.dir/build
make[1]: Entering directory '/home/dewang/smartKT/Running_complex_cmake/projects/threads/build/CMakeFiles/CMakeTmp'
Building CXX object CMakeFiles/cmTC_51279.dir/CheckSymbolExists.cxx.o
/usr/bin/c++    -std=c++17    -o CMakeFiles/cmTC_51279.dir/CheckSymbolExists.cxx.o -c /home/dewang/smartKT/Running_complex_cmake/projects/threads/build/CMakeFiles/CMakeTmp/CheckSymbolExists.cxx
Linking CXX executable cmTC_51279
/usr/bin/cmake -E cmake_link_script CMakeFiles/cmTC_51279.dir/link.txt --verbose=1
/usr/bin/c++  -std=c++17     -rdynamic CMakeFiles/cmTC_51279.dir/CheckSymbolExists.cxx.o  -o cmTC_51279 
CMakeFiles/cmTC_51279.dir/CheckSymbolExists.cxx.o: In function `main':
CheckSymbolExists.cxx:(.text+0x1b): undefined reference to `pthread_create'
collect2: error: ld returned 1 exit status
CMakeFiles/cmTC_51279.dir/build.make:97: recipe for target 'cmTC_51279' failed
make[1]: *** [cmTC_51279] Error 1
make[1]: Leaving directory '/home/dewang/smartKT/Running_complex_cmake/projects/threads/build/CMakeFiles/CMakeTmp'
Makefile:126: recipe for target 'cmTC_51279/fast' failed
make: *** [cmTC_51279/fast] Error 2

File /home/dewang/smartKT/Running_complex_cmake/projects/threads/build/CMakeFiles/CMakeTmp/CheckSymbolExists.cxx:
/* */
#include <pthread.h>

int main(int argc, char** argv)
{
  (void)argv;
#ifndef pthread_create
  return ((int*)(&pthread_create))[argc];
#else
  (void)argc;
  return 0;
#endif
}

Determining if the function pthread_create exists in the pthreads failed with the following output:
Change Dir: /home/dewang/smartKT/Running_complex_cmake/projects/threads/build/CMakeFiles/CMakeTmp

Run Build Command:"/usr/bin/make" "cmTC_ba0bb/fast"
/usr/bin/make -f CMakeFiles/cmTC_ba0bb.dir/build.make CMakeFiles/cmTC_ba0bb.dir/build
make[1]: Entering directory '/home/dewang/smartKT/Running_complex_cmake/projects/threads/build/CMakeFiles/CMakeTmp'
Building CXX object CMakeFiles/cmTC_ba0bb.dir/CheckFunctionExists.cxx.o
/usr/bin/c++    -std=c++17 -DCHECK_FUNCTION_EXISTS=pthread_create   -o CMakeFiles/cmTC_ba0bb.dir/CheckFunctionExists.cxx.o -c /home/dewang/smartKT/Running_complex_cmake/projects/threads/build/CMakeFiles/CheckLibraryExists/CheckFunctionExists.cxx
Linking CXX executable cmTC_ba0bb
/usr/bin/cmake -E cmake_link_script CMakeFiles/cmTC_ba0bb.dir/link.txt --verbose=1
/usr/bin/c++  -std=c++17 -DCHECK_FUNCTION_EXISTS=pthread_create    -rdynamic CMakeFiles/cmTC_ba0bb.dir/CheckFunctionExists.cxx.o  -o cmTC_ba0bb -lpthreads 
/usr/bin/ld: cannot find -lpthreads
collect2: error: ld returned 1 exit status
CMakeFiles/cmTC_ba0bb.dir/build.make:97: recipe for target 'cmTC_ba0bb' failed
make[1]: *** [cmTC_ba0bb] Error 1
make[1]: Leaving directory '/home/dewang/smartKT/Running_complex_cmake/projects/threads/build/CMakeFiles/CMakeTmp'
Makefile:126: recipe for target 'cmTC_ba0bb/fast' failed
make: *** [cmTC_ba0bb/fast] Error 2


